2017-02-09 12:18:56.968718 Archiving channel... aponeo
2017-02-09 12:18:57.885139 Archiving channel... bootcamp-participants
2017-02-09 12:18:58.507344 Archiving channel... climbing
2017-02-09 12:18:59.074506 Archiving channel... cloudinary-drupal
2017-02-09 12:19:00.035066 Archiving channel... codec-ext
2017-02-09 12:19:00.630974 Archiving channel... feature-flags
2017-02-09 12:19:01.745377 Archiving channel... felix_training
2017-02-09 12:19:02.567556 Archiving channel... ft-htsi-integrations
2017-02-09 12:19:03.593354 Archiving channel... full-stack-dev
2017-02-09 12:19:04.513137 Archiving channel... glamorous-external
2017-02-09 12:19:05.229146 Archiving channel... gtd
2017-02-09 12:19:06.007705 Archiving channel... ieb-trading
2017-02-09 12:19:06.524361 Archiving channel... kaunas
2017-02-09 12:19:07.510114 Archiving channel... migration-asl
2017-02-09 12:19:08.337030 Archiving channel... mowdirect-integration
2017-02-09 12:19:08.870352 Archiving channel... pzcussons-innovation
2017-02-09 12:19:09.878009 Archiving channel... qa-gi-output
2017-02-09 12:19:10.377925 Archiving channel... sk-studious-buffalo
2017-02-09 12:19:11.019229 Archiving channel... sk-worldly-pony
2017-02-09 12:19:11.772791 Archiving channel... slovakia
2017-02-09 12:19:12.256598 Archiving channel... snh-external
2017-02-09 12:19:12.937586 Archiving channel... telesoftas-int
2017-02-09 12:19:13.572922 Archiving channel... true-external
2017-02-09 12:19:14.344345 Archiving channel... vileda-analytics
2017-02-09 12:19:14.889692 Archiving channel... virgin-bvi-ext
2017-02-09 12:19:15.340501 Archiving channel... virgin-group-ext
